!SESSION 2018-01-12 17:44:58.027 -----------------------------------------------
eclipse.buildId=4.7.2.M20171130-0510
java.version=1.8.0_151
java.vendor=Oracle Corporation
BootLoader constants: OS=win32, ARCH=x86_64, WS=win32, NL=en_US
Framework arguments:  -product org.eclipse.epp.package.java.product
Command-line arguments:  -os win32 -ws win32 -arch x86_64 -product org.eclipse.epp.package.java.product

!ENTRY org.eclipse.egit.ui 2 0 2018-01-12 17:46:19.378
!MESSAGE Warning: The environment variable HOME is not set. The following directory will be used to store the Git
user global configuration and to define the default location to store repositories: 'C:\Users\AJ'. If this is
not correct please set the HOME environment variable and restart Eclipse. Otherwise Git for Windows and
EGit might behave differently since they see different configuration options.
This warning can be switched off on the Team > Git > Confirmations and Warnings preference page.
!SESSION 2018-01-12 23:59:59.722 -----------------------------------------------
eclipse.buildId=4.7.2.M20171130-0510
java.version=1.8.0_151
java.vendor=Oracle Corporation
BootLoader constants: OS=win32, ARCH=x86_64, WS=win32, NL=en_US
Framework arguments:  -product org.eclipse.epp.package.java.product
Command-line arguments:  -os win32 -ws win32 -arch x86_64 -product org.eclipse.epp.package.java.product

!ENTRY org.eclipse.egit.ui 2 0 2018-01-13 00:00:23.679
!MESSAGE Warning: The environment variable HOME is not set. The following directory will be used to store the Git
user global configuration and to define the default location to store repositories: 'C:\Users\AJ'. If this is
not correct please set the HOME environment variable and restart Eclipse. Otherwise Git for Windows and
EGit might behave differently since they see different configuration options.
This warning can be switched off on the Team > Git > Confirmations and Warnings preference page.

!ENTRY org.eclipse.help.base 2 0 2018-01-13 00:20:41.969
!MESSAGE Unable to consume Lucene index from bundle 'org.eclipse.wst.dtdeditor.doc.user_1.0.700.v201208081537 [461]'. The index should be rebuilt with Lucene 6.1.

!ENTRY org.eclipse.help.base 2 0 2018-01-13 00:20:42.077
!MESSAGE Unable to consume Lucene index from bundle 'org.eclipse.wst.xmleditor.doc.user_1.0.700.v201707252002 [474]'. The index should be rebuilt with Lucene 6.1.

!ENTRY org.eclipse.help.base 2 0 2018-01-13 00:20:42.084
!MESSAGE Unable to consume Lucene index from bundle 'org.eclipse.wst.xsdeditor.doc.user_1.0.800.v201707252002 [477]'. The index should be rebuilt with Lucene 6.1.

!ENTRY org.eclipse.help.base 2 0 2018-01-13 00:20:42.123
!MESSAGE Unable to consume Lucene index from bundle 'org.eclipse.wst.sse.doc.user_1.1.100.v201208081537 [464]'. The index should be rebuilt with Lucene 6.1.
!SESSION 2018-01-13 01:00:51.933 -----------------------------------------------
eclipse.buildId=4.7.2.M20171130-0510
java.version=1.8.0_151
java.vendor=Oracle Corporation
BootLoader constants: OS=win32, ARCH=x86_64, WS=win32, NL=en_US
Framework arguments:  -product org.eclipse.epp.package.java.product
Command-line arguments:  -os win32 -ws win32 -arch x86_64 -product org.eclipse.epp.package.java.product

!ENTRY org.eclipse.egit.ui 2 0 2018-01-13 01:01:05.372
!MESSAGE Warning: The environment variable HOME is not set. The following directory will be used to store the Git
user global configuration and to define the default location to store repositories: 'C:\Users\AJ'. If this is
not correct please set the HOME environment variable and restart Eclipse. Otherwise Git for Windows and
EGit might behave differently since they see different configuration options.
This warning can be switched off on the Team > Git > Confirmations and Warnings preference page.
!SESSION 2018-01-16 12:46:26.954 -----------------------------------------------
eclipse.buildId=4.7.2.M20171130-0510
java.version=1.8.0_151
java.vendor=Oracle Corporation
BootLoader constants: OS=win32, ARCH=x86_64, WS=win32, NL=en_US
Framework arguments:  -product org.eclipse.epp.package.java.product
Command-line arguments:  -os win32 -ws win32 -arch x86_64 -product org.eclipse.epp.package.java.product

!ENTRY org.eclipse.egit.ui 2 0 2018-01-16 12:46:40.856
!MESSAGE Warning: The environment variable HOME is not set. The following directory will be used to store the Git
user global configuration and to define the default location to store repositories: 'C:\Users\AJ'. If this is
not correct please set the HOME environment variable and restart Eclipse. Otherwise Git for Windows and
EGit might behave differently since they see different configuration options.
This warning can be switched off on the Team > Git > Confirmations and Warnings preference page.
!SESSION 2018-01-16 17:38:18.175 -----------------------------------------------
eclipse.buildId=4.7.2.M20171130-0510
java.version=1.8.0_161
java.vendor=Oracle Corporation
BootLoader constants: OS=win32, ARCH=x86_64, WS=win32, NL=en_US
Framework arguments:  -product org.eclipse.epp.package.java.product
Command-line arguments:  -os win32 -ws win32 -arch x86_64 -product org.eclipse.epp.package.java.product

!ENTRY org.eclipse.core.resources 2 10035 2018-01-16 17:38:38.712
!MESSAGE The workspace exited with unsaved changes in the previous session; refreshing workspace to recover changes.

!ENTRY org.eclipse.egit.ui 2 0 2018-01-16 17:38:46.326
!MESSAGE Warning: The environment variable HOME is not set. The following directory will be used to store the Git
user global configuration and to define the default location to store repositories: 'C:\Users\AJ Natzic'. If this is
not correct please set the HOME environment variable and restart Eclipse. Otherwise Git for Windows and
EGit might behave differently since they see different configuration options.
This warning can be switched off on the Team > Git > Confirmations and Warnings preference page.

!ENTRY org.eclipse.jdt.core 4 4 2018-01-17 08:58:15.158
!MESSAGE Background Indexer Crash Recovery
!STACK 0
java.lang.OutOfMemoryError: Java heap space
	at org.eclipse.jdt.internal.compiler.util.HashtableOfObject.<init>(HashtableOfObject.java:38)
	at org.eclipse.jdt.internal.core.index.DiskIndex.readCategoryTable(DiskIndex.java:663)
	at org.eclipse.jdt.internal.core.index.DiskIndex.mergeCategory(DiskIndex.java:466)
	at org.eclipse.jdt.internal.core.index.DiskIndex.mergeCategories(DiskIndex.java:458)
	at org.eclipse.jdt.internal.core.index.DiskIndex.mergeWith(DiskIndex.java:560)
	at org.eclipse.jdt.internal.core.index.Index.save(Index.java:197)
	at org.eclipse.jdt.internal.core.search.indexing.IndexManager.saveIndex(IndexManager.java:967)
	at org.eclipse.jdt.internal.core.search.indexing.IndexManager.saveIndexes(IndexManager.java:1009)
	at org.eclipse.jdt.internal.core.search.indexing.IndexManager.notifyIdle(IndexManager.java:696)
	at org.eclipse.jdt.internal.core.search.processing.JobManager.run(JobManager.java:379)
	at java.lang.Thread.run(Unknown Source)
!SESSION 2018-01-17 18:54:36.048 -----------------------------------------------
eclipse.buildId=4.7.2.M20171130-0510
java.version=1.8.0_151
java.vendor=Oracle Corporation
BootLoader constants: OS=win32, ARCH=x86_64, WS=win32, NL=en_US
Framework arguments:  -product org.eclipse.epp.package.java.product
Command-line arguments:  -os win32 -ws win32 -arch x86_64 -product org.eclipse.epp.package.java.product

!ENTRY org.eclipse.egit.ui 2 0 2018-01-17 18:54:48.968
!MESSAGE Warning: The environment variable HOME is not set. The following directory will be used to store the Git
user global configuration and to define the default location to store repositories: 'C:\Users\AJ'. If this is
not correct please set the HOME environment variable and restart Eclipse. Otherwise Git for Windows and
EGit might behave differently since they see different configuration options.
This warning can be switched off on the Team > Git > Confirmations and Warnings preference page.
!SESSION 2018-01-18 12:10:06.270 -----------------------------------------------
eclipse.buildId=4.7.2.M20171130-0510
java.version=1.8.0_151
java.vendor=Oracle Corporation
BootLoader constants: OS=win32, ARCH=x86_64, WS=win32, NL=en_US
Framework arguments:  -product org.eclipse.epp.package.java.product
Command-line arguments:  -os win32 -ws win32 -arch x86_64 -product org.eclipse.epp.package.java.product

!ENTRY org.eclipse.egit.ui 2 0 2018-01-18 12:10:17.681
!MESSAGE Warning: The environment variable HOME is not set. The following directory will be used to store the Git
user global configuration and to define the default location to store repositories: 'C:\Users\AJ'. If this is
not correct please set the HOME environment variable and restart Eclipse. Otherwise Git for Windows and
EGit might behave differently since they see different configuration options.
This warning can be switched off on the Team > Git > Confirmations and Warnings preference page.

!ENTRY org.eclipse.jdt.debug 4 125 2018-01-18 13:13:34.268
!MESSAGE Internal error logged from JDI Debug: 
!STACK 1
org.eclipse.debug.core.DebugException: Invalid stack frame
	at org.eclipse.jdt.internal.debug.core.model.JDIStackFrame.getUnderlyingStackFrame(JDIStackFrame.java:1180)
	at org.eclipse.jdt.internal.debug.core.model.JDIStackFrame.getUnderlyingThisObject(JDIStackFrame.java:834)
	at org.eclipse.jdt.internal.debug.core.model.JDIStackFrame.getThis(JDIStackFrame.java:1250)
	at org.eclipse.jdt.internal.debug.ui.JavaDebugHover.getHoverInfo2(JavaDebugHover.java:372)
	at org.eclipse.jdt.internal.ui.text.java.hover.BestMatchHover.getHoverInfo2(BestMatchHover.java:164)
	at org.eclipse.jdt.internal.ui.text.java.hover.BestMatchHover.getHoverInfo2(BestMatchHover.java:130)
	at org.eclipse.jdt.internal.ui.text.java.hover.JavaEditorTextHoverProxy.getHoverInfo2(JavaEditorTextHoverProxy.java:86)
	at org.eclipse.jface.text.TextViewerHoverManager$4.run(TextViewerHoverManager.java:166)
!SUBENTRY 1 org.eclipse.jdt.debug 4 130 2018-01-18 13:13:34.271
!MESSAGE Invalid stack frame

!ENTRY org.eclipse.jdt.debug 4 125 2018-01-18 13:18:05.314
!MESSAGE Internal error logged from JDI Debug: 
!STACK 1
org.eclipse.debug.core.DebugException: Invalid stack frame
	at org.eclipse.jdt.internal.debug.core.model.JDIStackFrame.getUnderlyingStackFrame(JDIStackFrame.java:1180)
	at org.eclipse.jdt.internal.debug.core.model.JDIStackFrame.getUnderlyingThisObject(JDIStackFrame.java:834)
	at org.eclipse.jdt.internal.debug.core.model.JDIStackFrame.getThis(JDIStackFrame.java:1250)
	at org.eclipse.jdt.internal.debug.ui.JavaDebugHover.getHoverInfo2(JavaDebugHover.java:372)
	at org.eclipse.jdt.internal.ui.text.java.hover.BestMatchHover.getHoverInfo2(BestMatchHover.java:164)
	at org.eclipse.jdt.internal.ui.text.java.hover.BestMatchHover.getHoverInfo2(BestMatchHover.java:130)
	at org.eclipse.jdt.internal.ui.text.java.hover.JavaEditorTextHoverProxy.getHoverInfo2(JavaEditorTextHoverProxy.java:86)
	at org.eclipse.jface.text.TextViewerHoverManager$4.run(TextViewerHoverManager.java:166)
!SUBENTRY 1 org.eclipse.jdt.debug 4 130 2018-01-18 13:18:05.314
!MESSAGE Invalid stack frame
!SESSION 2018-01-19 12:30:26.647 -----------------------------------------------
eclipse.buildId=4.7.2.M20171130-0510
java.version=1.8.0_151
java.vendor=Oracle Corporation
BootLoader constants: OS=win32, ARCH=x86_64, WS=win32, NL=en_US
Framework arguments:  -product org.eclipse.epp.package.java.product
Command-line arguments:  -os win32 -ws win32 -arch x86_64 -product org.eclipse.epp.package.java.product

!ENTRY org.eclipse.egit.ui 2 0 2018-01-19 12:30:43.962
!MESSAGE Warning: The environment variable HOME is not set. The following directory will be used to store the Git
user global configuration and to define the default location to store repositories: 'C:\Users\AJ'. If this is
not correct please set the HOME environment variable and restart Eclipse. Otherwise Git for Windows and
EGit might behave differently since they see different configuration options.
This warning can be switched off on the Team > Git > Confirmations and Warnings preference page.
!SESSION 2018-01-19 13:53:58.720 -----------------------------------------------
eclipse.buildId=4.7.2.M20171130-0510
java.version=1.8.0_151
java.vendor=Oracle Corporation
BootLoader constants: OS=win32, ARCH=x86_64, WS=win32, NL=en_US
Framework arguments:  -product org.eclipse.epp.package.java.product
Command-line arguments:  -os win32 -ws win32 -arch x86_64 -product org.eclipse.epp.package.java.product

!ENTRY org.eclipse.egit.ui 2 0 2018-01-19 13:54:13.936
!MESSAGE Warning: The environment variable HOME is not set. The following directory will be used to store the Git
user global configuration and to define the default location to store repositories: 'C:\Users\AJ'. If this is
not correct please set the HOME environment variable and restart Eclipse. Otherwise Git for Windows and
EGit might behave differently since they see different configuration options.
This warning can be switched off on the Team > Git > Confirmations and Warnings preference page.
!SESSION 2018-01-22 13:49:41.811 -----------------------------------------------
eclipse.buildId=4.7.2.M20171130-0510
java.version=1.8.0_151
java.vendor=Oracle Corporation
BootLoader constants: OS=win32, ARCH=x86_64, WS=win32, NL=en_US
Framework arguments:  -product org.eclipse.epp.package.java.product
Command-line arguments:  -os win32 -ws win32 -arch x86_64 -product org.eclipse.epp.package.java.product

!ENTRY org.eclipse.egit.ui 2 0 2018-01-22 13:49:55.800
!MESSAGE Warning: The environment variable HOME is not set. The following directory will be used to store the Git
user global configuration and to define the default location to store repositories: 'C:\Users\AJ'. If this is
not correct please set the HOME environment variable and restart Eclipse. Otherwise Git for Windows and
EGit might behave differently since they see different configuration options.
This warning can be switched off on the Team > Git > Confirmations and Warnings preference page.

!ENTRY org.eclipse.epp.logging.aeri.ide 2 17 2018-01-22 13:49:58.566
!MESSAGE Server ‘org.eclipse.epp.logging.aeri.ide.server’ failed with exception: Connect to dev.eclipse.org:443 [dev.eclipse.org/198.41.30.200] failed: connect timed out. ; version: 2.0.6.v20170906-1226
!STACK 0
org.apache.http.conn.ConnectTimeoutException: Connect to dev.eclipse.org:443 [dev.eclipse.org/198.41.30.200] failed: connect timed out
	at org.apache.http.impl.conn.DefaultHttpClientConnectionOperator.connect(DefaultHttpClientConnectionOperator.java:150)
	at org.apache.http.impl.conn.PoolingHttpClientConnectionManager.connect(PoolingHttpClientConnectionManager.java:353)
	at org.apache.http.impl.execchain.MainClientExec.establishRoute(MainClientExec.java:380)
	at org.apache.http.impl.execchain.MainClientExec.execute(MainClientExec.java:236)
	at org.apache.http.impl.execchain.ProtocolExec.execute(ProtocolExec.java:184)
	at org.apache.http.impl.execchain.RetryExec.execute(RetryExec.java:88)
	at org.apache.http.impl.execchain.RedirectExec.execute(RedirectExec.java:110)
	at org.apache.http.impl.client.InternalHttpClient.doExecute(InternalHttpClient.java:184)
	at org.apache.http.impl.client.CloseableHttpClient.execute(CloseableHttpClient.java:82)
	at org.apache.http.impl.client.CloseableHttpClient.execute(CloseableHttpClient.java:55)
	at org.apache.http.client.fluent.Request.internalExecute(Request.java:173)
	at org.apache.http.client.fluent.Executor.execute(Executor.java:262)
	at org.eclipse.epp.internal.logging.aeri.ide.server.mars.IO.request(IO.java:170)
	at org.eclipse.epp.internal.logging.aeri.ide.server.mars.IO.refreshConfiguration(IO.java:64)
	at org.eclipse.epp.internal.logging.aeri.ide.server.mars.ServerConnection.startUp(ServerConnection.java:124)
	at com.google.common.util.concurrent.AbstractIdleService$DelegateService$1.run(AbstractIdleService.java:62)
	at com.google.common.util.concurrent.Callables$4.run(Callables.java:122)
	at java.lang.Thread.run(Unknown Source)
Caused by: java.net.SocketTimeoutException: connect timed out
	at java.net.DualStackPlainSocketImpl.waitForConnect(Native Method)
	at java.net.DualStackPlainSocketImpl.socketConnect(Unknown Source)
	at java.net.AbstractPlainSocketImpl.doConnect(Unknown Source)
	at java.net.AbstractPlainSocketImpl.connectToAddress(Unknown Source)
	at java.net.AbstractPlainSocketImpl.connect(Unknown Source)
	at java.net.PlainSocketImpl.connect(Unknown Source)
	at java.net.SocksSocketImpl.connect(Unknown Source)
	at java.net.Socket.connect(Unknown Source)
	at org.apache.http.conn.ssl.SSLConnectionSocketFactory.connectSocket(SSLConnectionSocketFactory.java:337)
	at org.apache.http.impl.conn.DefaultHttpClientConnectionOperator.connect(DefaultHttpClientConnectionOperator.java:141)
	... 17 more

!ENTRY org.eclipse.jdt.core 4 4 2018-01-22 17:37:29.006
!MESSAGE Could not retrieve declared methods
!STACK 0
java.lang.ClassCastException: org.eclipse.jdt.internal.compiler.lookup.ArrayBinding cannot be cast to org.eclipse.jdt.internal.compiler.lookup.ReferenceBinding
	at org.eclipse.jdt.internal.compiler.lookup.TypeSystem.getParameterizedType(TypeSystem.java:268)
	at org.eclipse.jdt.internal.compiler.lookup.AnnotatableTypeSystem.getParameterizedType(AnnotatableTypeSystem.java:120)
	at org.eclipse.jdt.internal.compiler.lookup.AnnotatableTypeSystem.getParameterizedType(AnnotatableTypeSystem.java:133)
	at org.eclipse.jdt.internal.compiler.lookup.LookupEnvironment.createParameterizedType(LookupEnvironment.java:1308)
	at org.eclipse.jdt.internal.compiler.lookup.LookupEnvironment.getTypeFromTypeSignature(LookupEnvironment.java:1932)
	at org.eclipse.jdt.internal.compiler.lookup.BinaryTypeBinding.createFields(BinaryTypeBinding.java:633)
	at org.eclipse.jdt.internal.compiler.lookup.BinaryTypeBinding.cachePartsFrom(BinaryTypeBinding.java:528)
	at org.eclipse.jdt.internal.compiler.lookup.LookupEnvironment.createBinaryTypeFrom(LookupEnvironment.java:1022)
	at org.eclipse.jdt.internal.compiler.lookup.LookupEnvironment.createBinaryTypeFrom(LookupEnvironment.java:1003)
	at org.eclipse.jdt.internal.compiler.Compiler.accept(Compiler.java:303)
	at org.eclipse.jdt.internal.compiler.lookup.LookupEnvironment.askForType(LookupEnvironment.java:249)
	at org.eclipse.jdt.internal.compiler.lookup.UnresolvedReferenceBinding.resolve(UnresolvedReferenceBinding.java:105)
	at org.eclipse.jdt.internal.compiler.lookup.BinaryTypeBinding.resolveType(BinaryTypeBinding.java:215)
	at org.eclipse.jdt.internal.compiler.lookup.ParameterizedTypeBinding.resolve(ParameterizedTypeBinding.java:1050)
	at org.eclipse.jdt.internal.compiler.lookup.BinaryTypeBinding.resolveType(BinaryTypeBinding.java:186)
	at org.eclipse.jdt.internal.compiler.lookup.BinaryTypeBinding.resolveTypesFor(BinaryTypeBinding.java:1507)
	at org.eclipse.jdt.internal.compiler.lookup.BinaryTypeBinding.availableMethods(BinaryTypeBinding.java:396)
	at org.eclipse.jdt.core.dom.TypeBinding.getDeclaredMethods(TypeBinding.java:302)
	at org.eclipse.jdt.internal.corext.dom.Bindings.findOverriddenMethodInType(Bindings.java:494)
	at org.eclipse.jdt.internal.corext.dom.Bindings.findOverriddenMethodInHierarchy(Bindings.java:511)
	at org.eclipse.jdt.internal.corext.dom.Bindings.findOverriddenMethods(Bindings.java:567)
	at org.eclipse.jdt.internal.corext.dom.Bindings.findOverriddenMethod(Bindings.java:538)
	at org.eclipse.jdt.internal.ui.javaeditor.OverrideIndicatorManager$1.visit(OverrideIndicatorManager.java:184)
	at org.eclipse.jdt.core.dom.MethodDeclaration.accept0(MethodDeclaration.java:611)
	at org.eclipse.jdt.core.dom.ASTNode.accept(ASTNode.java:2796)
	at org.eclipse.jdt.core.dom.ASTNode.acceptChildren(ASTNode.java:2867)
	at org.eclipse.jdt.core.dom.TypeDeclaration.accept0(TypeDeclaration.java:470)
	at org.eclipse.jdt.core.dom.ASTNode.accept(ASTNode.java:2796)
	at org.eclipse.jdt.core.dom.ASTNode.acceptChildren(ASTNode.java:2867)
	at org.eclipse.jdt.core.dom.CompilationUnit.accept0(CompilationUnit.java:257)
	at org.eclipse.jdt.core.dom.ASTNode.accept(ASTNode.java:2796)
	at org.eclipse.jdt.internal.ui.javaeditor.OverrideIndicatorManager.updateAnnotations(OverrideIndicatorManager.java:176)
	at org.eclipse.jdt.internal.ui.javaeditor.OverrideIndicatorManager.reconciled(OverrideIndicatorManager.java:258)
	at org.eclipse.jdt.internal.ui.javaeditor.CompilationUnitEditor.reconciled(CompilationUnitEditor.java:1688)
	at org.eclipse.jdt.internal.ui.text.java.JavaReconcilingStrategy.reconciled(JavaReconcilingStrategy.java:219)
	at org.eclipse.jdt.internal.ui.text.JavaCompositeReconcilingStrategy.reconciled(JavaCompositeReconcilingStrategy.java:164)
	at org.eclipse.jdt.internal.ui.text.JavaCompositeReconcilingStrategy.reconcile(JavaCompositeReconcilingStrategy.java:112)
	at org.eclipse.jface.text.reconciler.MonoReconciler.process(MonoReconciler.java:73)
	at org.eclipse.jface.text.reconciler.AbstractReconciler$BackgroundThread.run(AbstractReconciler.java:207)
!SESSION 2018-01-22 20:37:41.818 -----------------------------------------------
eclipse.buildId=4.7.2.M20171130-0510
java.version=1.8.0_151
java.vendor=Oracle Corporation
BootLoader constants: OS=win32, ARCH=x86_64, WS=win32, NL=en_US
Framework arguments:  -product org.eclipse.epp.package.java.product
Command-line arguments:  -os win32 -ws win32 -arch x86_64 -product org.eclipse.epp.package.java.product

!ENTRY org.eclipse.egit.ui 2 0 2018-01-22 20:37:56.880
!MESSAGE Warning: The environment variable HOME is not set. The following directory will be used to store the Git
user global configuration and to define the default location to store repositories: 'C:\Users\AJ'. If this is
not correct please set the HOME environment variable and restart Eclipse. Otherwise Git for Windows and
EGit might behave differently since they see different configuration options.
This warning can be switched off on the Team > Git > Confirmations and Warnings preference page.
